<?xml version="1.0" encoding="UTF-8"?>
<!-- Generated by org.testng.reporters.JUnitReportReporter -->
<testsuite hostname="LAPTOP-3UOIG6JH" failures="0" tests="12" name="Flag.FlagFile" time="0.024" errors="0" timestamp="2022-06-06T09:30:18 IST" skipped="0">
  <testcase classname="Flag.FlagFile" name="FT1" time="0.009"/>
  <system-out>
    <![CDATA[FT1]]>
  </system-out>
  <testcase classname="Flag.FlagFile" name="FT3" time="0.002"/>
  <system-out>
    <![CDATA[FT3]]>
  </system-out>
  <testcase classname="Flag.FlagFile" name="IT1" time="0.001"/>
  <system-out>
    <![CDATA[IT1]]>
  </system-out>
  <testcase classname="Flag.FlagFile" name="IT3" time="0.001"/>
  <system-out>
    <![CDATA[IT3]]>
  </system-out>
  <testcase classname="Flag.FlagFile" name="IT4" time="0.002"/>
  <system-out>
    <![CDATA[IT4]]>
  </system-out>
  <testcase classname="Flag.FlagFile" name="IT5" time="0.001"/>
  <system-out>
    <![CDATA[IT5]]>
  </system-out>
  <testcase classname="Flag.FlagFile" name="FT6" time="0.002"/>
  <system-out>
    <![CDATA[FT6]]>
  </system-out>
  <testcase classname="Flag.FlagFile" name="FT2" time="0.000"/>
  <system-out>
    <![CDATA[FT2]]>
  </system-out>
  <testcase classname="Flag.FlagFile" name="IT6" time="0.002"/>
  <system-out>
    <![CDATA[IT6]]>
  </system-out>
  <testcase classname="Flag.FlagFile" name="IT2" time="0.001"/>
  <system-out>
    <![CDATA[IT2]]>
  </system-out>
  <testcase classname="Flag.FlagFile" name="FT4" time="0.001"/>
  <system-out>
    <![CDATA[FT4]]>
  </system-out>
  <testcase classname="Flag.FlagFile" name="FT5" time="0.002"/>
  <system-out>
    <![CDATA[FT5]]>
  </system-out>
</testsuite> <!-- Flag.FlagFile -->
