<?xml version="1.0" encoding="UTF-8"?>
<!-- Generated by org.testng.reporters.JUnitReportReporter -->
<testsuite hostname="LAPTOP-3UOIG6JH" failures="0" tests="2" name="TestNG.NewTest11" time="0.010" errors="0" timestamp="2022-06-28T23:42:53 IST" skipped="0">
  <testcase classname="TestNG.NewTest11" name="kolavale" time="0.000"/>
  <system-out/>
  <testcase classname="TestNG.NewTest11" name="Maruti" time="0.010"/>
  <system-out/>
</testsuite> <!-- TestNG.NewTest11 -->
