<?xml version="1.0" encoding="UTF-8"?>
<!-- Generated by org.testng.reporters.JUnitReportReporter -->
<testsuite hostname="LAPTOP-3UOIG6JH" failures="0" tests="1" name="ActionsClass.NewTestclass1" time="8.586" errors="0" timestamp="2022-08-31T17:05:17 IST" skipped="0">
  <testcase classname="ActionsClass.NewTestclass1" name="f" time="8.586"/>
  <system-out/>
</testsuite> <!-- ActionsClass.NewTestclass1 -->
