<?xml version="1.0" encoding="UTF-8"?>
<!-- Generated by org.testng.reporters.JUnitReportReporter -->
<testsuite hostname="LAPTOP-3UOIG6JH" failures="0" tests="1" name="TestNG.NewTest10" time="0.007" errors="0" timestamp="2022-06-28T23:10:07 IST" skipped="0">
  <testcase classname="TestNG.NewTest10" name="Maruti" time="0.007"/>
  <system-out/>
</testsuite> <!-- TestNG.NewTest10 -->
